<?xml version="1.0" encoding="UTF-8"?>
<coverage generated="1770455299615" clover="3.2.0">
  <project timestamp="1770455299615" name="All files">
    <metrics statements="98" coveredstatements="97" conditionals="82" coveredconditionals="80" methods="19" coveredmethods="19" elements="199" coveredelements="196" complexity="0" loc="98" ncloc="98" packages="1" files="3" classes="3"/>
    <file name="businessRules.js" path="E:\มทร\web\day5\src\utils\businessRules.js">
      <metrics statements="25" coveredstatements="25" conditionals="23" coveredconditionals="23" methods="6" coveredmethods="6"/>
      <line num="7" count="4" type="cond" truecount="2" falsecount="0"/>
      <line num="8" count="2" type="stmt"/>
      <line num="12" count="2" type="cond" truecount="2" falsecount="0"/>
      <line num="13" count="1" type="stmt"/>
      <line num="16" count="1" type="stmt"/>
      <line num="23" count="6" type="cond" truecount="4" falsecount="0"/>
      <line num="24" count="2" type="stmt"/>
      <line num="27" count="4" type="cond" truecount="2" falsecount="0"/>
      <line num="28" count="1" type="stmt"/>
      <line num="31" count="3" type="stmt"/>
      <line num="32" count="3" type="stmt"/>
      <line num="34" count="3" type="stmt"/>
      <line num="41" count="9" type="cond" truecount="4" falsecount="0"/>
      <line num="42" count="3" type="stmt"/>
      <line num="45" count="13" type="stmt"/>
      <line num="46" count="6" type="stmt"/>
      <line num="53" count="57" type="stmt"/>
      <line num="59" count="57" type="cond" truecount="2" falsecount="0"/>
      <line num="66" count="8" type="cond" truecount="5" falsecount="0"/>
      <line num="67" count="2" type="stmt"/>
      <line num="70" count="6" type="stmt"/>
      <line num="71" count="6" type="stmt"/>
      <line num="72" count="6" type="stmt"/>
      <line num="74" count="6" type="cond" truecount="2" falsecount="0"/>
      <line num="77" count="2" type="stmt"/>
    </file>
    <file name="dataProcessing.js" path="E:\มทร\web\day5\src\utils\dataProcessing.js">
      <metrics statements="37" coveredstatements="36" conditionals="33" coveredconditionals="31" methods="9" coveredmethods="9"/>
      <line num="2" count="1" type="stmt"/>
      <line num="8" count="7" type="cond" truecount="2" falsecount="0"/>
      <line num="9" count="2" type="stmt"/>
      <line num="12" count="5" type="cond" truecount="4" falsecount="0"/>
      <line num="13" count="1" type="stmt"/>
      <line num="16" count="4" type="cond" truecount="2" falsecount="0"/>
      <line num="17" count="15" type="stmt"/>
      <line num="24" count="7" type="cond" truecount="2" falsecount="0"/>
      <line num="25" count="2" type="stmt"/>
      <line num="28" count="5" type="stmt"/>
      <line num="29" count="25" type="cond" truecount="1" falsecount="1"/>
      <line num="30" count="25" type="cond" truecount="2" falsecount="0"/>
      <line num="32" count="25" type="cond" truecount="2" falsecount="0"/>
      <line num="33" count="8" type="stmt"/>
      <line num="35" count="17" type="stmt"/>
      <line num="38" count="5" type="stmt"/>
      <line num="45" count="8" type="cond" truecount="4" falsecount="0"/>
      <line num="46" count="3" type="cond" truecount="2" falsecount="0"/>
      <line num="49" count="5" type="stmt"/>
      <line num="51" count="5" type="stmt"/>
      <line num="52" count="23" type="stmt"/>
      <line num="53" count="23" type="stmt"/>
      <line num="61" count="4" type="cond" truecount="2" falsecount="0"/>
      <line num="62" count="1" type="stmt"/>
      <line num="65" count="3" type="stmt"/>
      <line num="66" count="7" type="cond" truecount="2" falsecount="0"/>
      <line num="67" count="7" type="cond" truecount="1" falsecount="1"/>
      <line num="68" count="0" type="stmt"/>
      <line num="70" count="7" type="stmt"/>
      <line num="71" count="7" type="stmt"/>
      <line num="79" count="8" type="cond" truecount="2" falsecount="0"/>
      <line num="80" count="1" type="stmt"/>
      <line num="89" count="7" type="stmt"/>
      <line num="90" count="7" type="stmt"/>
      <line num="91" count="7" type="stmt"/>
      <line num="93" count="7" type="stmt"/>
      <line num="102" count="1" type="stmt"/>
    </file>
    <file name="validation.js" path="E:\มทร\web\day5\src\utils\validation.js">
      <metrics statements="36" coveredstatements="36" conditionals="26" coveredconditionals="26" methods="4" coveredmethods="4"/>
      <line num="7" count="18" type="cond" truecount="4" falsecount="0"/>
      <line num="8" count="2" type="stmt"/>
      <line num="11" count="16" type="cond" truecount="2" falsecount="0"/>
      <line num="12" count="3" type="stmt"/>
      <line num="15" count="13" type="cond" truecount="2" falsecount="0"/>
      <line num="16" count="3" type="stmt"/>
      <line num="19" count="10" type="cond" truecount="2" falsecount="0"/>
      <line num="20" count="2" type="stmt"/>
      <line num="23" count="8" type="cond" truecount="2" falsecount="0"/>
      <line num="24" count="1" type="stmt"/>
      <line num="27" count="7" type="stmt"/>
      <line num="34" count="14" type="stmt"/>
      <line num="35" count="14" type="stmt"/>
      <line num="42" count="10" type="cond" truecount="2" falsecount="0"/>
      <line num="43" count="2" type="stmt"/>
      <line num="46" count="8" type="stmt"/>
      <line num="48" count="8" type="cond" truecount="2" falsecount="0"/>
      <line num="49" count="3" type="stmt"/>
      <line num="52" count="5" type="stmt"/>
      <line num="53" count="5" type="cond" truecount="2" falsecount="0"/>
      <line num="54" count="1" type="stmt"/>
      <line num="57" count="4" type="stmt"/>
      <line num="64" count="4" type="stmt"/>
      <line num="66" count="4" type="stmt"/>
      <line num="67" count="4" type="stmt"/>
      <line num="69" count="2" type="stmt"/>
      <line num="72" count="4" type="cond" truecount="4" falsecount="0"/>
      <line num="73" count="2" type="stmt"/>
      <line num="76" count="4" type="stmt"/>
      <line num="77" count="4" type="cond" truecount="2" falsecount="0"/>
      <line num="78" count="2" type="stmt"/>
      <line num="81" count="1" type="stmt"/>
      <line num="84" count="4" type="cond" truecount="2" falsecount="0"/>
      <line num="85" count="2" type="stmt"/>
      <line num="91" count="2" type="stmt"/>
      <line num="97" count="1" type="stmt"/>
    </file>
  </project>
</coverage>
