{"E:\\มทร\\web\\day5\\src\\utils\\businessRules.js": {"path":"E:\\มทร\\web\\day5\\src\\utils\\businessRules.js","statementMap":{"0":{"start":{"line":7,"column":2},"end":{"line":9,"column":3}},"1":{"start":{"line":8,"column":4},"end":{"line":8,"column":17}},"2":{"start":{"line":12,"column":2},"end":{"line":14,"column":3}},"3":{"start":{"line":13,"column":4},"end":{"line":13,"column":17}},"4":{"start":{"line":16,"column":2},"end":{"line":16,"column":14}},"5":{"start":{"line":23,"column":2},"end":{"line":25,"column":3}},"6":{"start":{"line":24,"column":4},"end":{"line":24,"column":17}},"7":{"start":{"line":27,"column":2},"end":{"line":29,"column":3}},"8":{"start":{"line":28,"column":4},"end":{"line":28,"column":17}},"9":{"start":{"line":31,"column":14},"end":{"line":31,"column":24}},"10":{"start":{"line":32,"column":18},"end":{"line":32,"column":40}},"11":{"start":{"line":34,"column":2},"end":{"line":34,"column":23}},"12":{"start":{"line":41,"column":2},"end":{"line":43,"column":3}},"13":{"start":{"line":42,"column":4},"end":{"line":42,"column":13}},"14":{"start":{"line":45,"column":25},"end":{"line":45,"column":57}},"15":{"start":{"line":45,"column":43},"end":{"line":45,"column":49}},"16":{"start":{"line":46,"column":2},"end":{"line":46,"column":59}},"17":{"start":{"line":53,"column":17},"end":{"line":57,"column":3}},"18":{"start":{"line":59,"column":2},"end":{"line":59,"column":31}},"19":{"start":{"line":66,"column":2},"end":{"line":68,"column":3}},"20":{"start":{"line":67,"column":4},"end":{"line":67,"column":17}},"21":{"start":{"line":70,"column":14},"end":{"line":70,"column":24}},"22":{"start":{"line":71,"column":18},"end":{"line":71,"column":40}},"23":{"start":{"line":72,"column":20},"end":{"line":72,"column":54}},"24":{"start":{"line":74,"column":2},"end":{"line":74,"column":42}},"25":{"start":{"line":77,"column":0},"end":{"line":83,"column":2}}},"fnMap":{"0":{"name":"canMarkAsDone","decl":{"start":{"line":6,"column":9},"end":{"line":6,"column":22}},"loc":{"start":{"line":6,"column":29},"end":{"line":17,"column":1}},"line":6},"1":{"name":"isOverdue","decl":{"start":{"line":22,"column":9},"end":{"line":22,"column":18}},"loc":{"start":{"line":22,"column":25},"end":{"line":35,"column":1}},"line":22},"2":{"name":"calculateCompletionRate","decl":{"start":{"line":40,"column":9},"end":{"line":40,"column":32}},"loc":{"start":{"line":40,"column":40},"end":{"line":47,"column":1}},"line":40},"3":{"name":"(anonymous_3)","decl":{"start":{"line":45,"column":38},"end":{"line":45,"column":39}},"loc":{"start":{"line":45,"column":43},"end":{"line":45,"column":49}},"line":45},"4":{"name":"getPriorityScore","decl":{"start":{"line":52,"column":9},"end":{"line":52,"column":25}},"loc":{"start":{"line":52,"column":36},"end":{"line":60,"column":1}},"line":52},"5":{"name":"isDueSoon","decl":{"start":{"line":65,"column":9},"end":{"line":65,"column":18}},"loc":{"start":{"line":65,"column":25},"end":{"line":75,"column":1}},"line":65}},"branchMap":{"0":{"loc":{"start":{"line":7,"column":2},"end":{"line":9,"column":3}},"type":"if","locations":[{"start":{"line":7,"column":2},"end":{"line":9,"column":3}},{"start":{},"end":{}}],"line":7},"1":{"loc":{"start":{"line":12,"column":2},"end":{"line":14,"column":3}},"type":"if","locations":[{"start":{"line":12,"column":2},"end":{"line":14,"column":3}},{"start":{},"end":{}}],"line":12},"2":{"loc":{"start":{"line":23,"column":2},"end":{"line":25,"column":3}},"type":"if","locations":[{"start":{"line":23,"column":2},"end":{"line":25,"column":3}},{"start":{},"end":{}}],"line":23},"3":{"loc":{"start":{"line":23,"column":6},"end":{"line":23,"column":28}},"type":"binary-expr","locations":[{"start":{"line":23,"column":6},"end":{"line":23,"column":11}},{"start":{"line":23,"column":15},"end":{"line":23,"column":28}}],"line":23},"4":{"loc":{"start":{"line":27,"column":2},"end":{"line":29,"column":3}},"type":"if","locations":[{"start":{"line":27,"column":2},"end":{"line":29,"column":3}},{"start":{},"end":{}}],"line":27},"5":{"loc":{"start":{"line":41,"column":2},"end":{"line":43,"column":3}},"type":"if","locations":[{"start":{"line":41,"column":2},"end":{"line":43,"column":3}},{"start":{},"end":{}}],"line":41},"6":{"loc":{"start":{"line":41,"column":6},"end":{"line":41,"column":49}},"type":"binary-expr","locations":[{"start":{"line":41,"column":6},"end":{"line":41,"column":27}},{"start":{"line":41,"column":31},"end":{"line":41,"column":49}}],"line":41},"7":{"loc":{"start":{"line":59,"column":9},"end":{"line":59,"column":30}},"type":"binary-expr","locations":[{"start":{"line":59,"column":9},"end":{"line":59,"column":25}},{"start":{"line":59,"column":29},"end":{"line":59,"column":30}}],"line":59},"8":{"loc":{"start":{"line":66,"column":2},"end":{"line":68,"column":3}},"type":"if","locations":[{"start":{"line":66,"column":2},"end":{"line":68,"column":3}},{"start":{},"end":{}}],"line":66},"9":{"loc":{"start":{"line":66,"column":6},"end":{"line":66,"column":41}},"type":"binary-expr","locations":[{"start":{"line":66,"column":6},"end":{"line":66,"column":11}},{"start":{"line":66,"column":15},"end":{"line":66,"column":28}},{"start":{"line":66,"column":32},"end":{"line":66,"column":41}}],"line":66},"10":{"loc":{"start":{"line":74,"column":9},"end":{"line":74,"column":41}},"type":"binary-expr","locations":[{"start":{"line":74,"column":9},"end":{"line":74,"column":22}},{"start":{"line":74,"column":26},"end":{"line":74,"column":41}}],"line":74}},"s":{"0":4,"1":2,"2":2,"3":1,"4":1,"5":6,"6":2,"7":4,"8":1,"9":3,"10":3,"11":3,"12":9,"13":3,"14":6,"15":13,"16":6,"17":57,"18":57,"19":8,"20":2,"21":6,"22":6,"23":6,"24":6,"25":2},"f":{"0":4,"1":6,"2":9,"3":13,"4":57,"5":8},"b":{"0":[2,2],"1":[1,1],"2":[2,4],"3":[6,5],"4":[1,3],"5":[3,6],"6":[9,7],"7":[57,4],"8":[2,6],"9":[8,8,7],"10":[6,5]},"_coverageSchema":"1a1c01bbd47fc00a2c39e90264f33305004495a9","hash":"f650e3ce9e954fe4f29e7f7742a675778c345231"}
,"E:\\มทร\\web\\day5\\src\\utils\\dataProcessing.js": {"path":"E:\\มทร\\web\\day5\\src\\utils\\dataProcessing.js","statementMap":{"0":{"start":{"line":2,"column":29},"end":{"line":2,"column":55}},"1":{"start":{"line":8,"column":2},"end":{"line":10,"column":3}},"2":{"start":{"line":9,"column":4},"end":{"line":9,"column":14}},"3":{"start":{"line":12,"column":2},"end":{"line":14,"column":3}},"4":{"start":{"line":13,"column":4},"end":{"line":13,"column":17}},"5":{"start":{"line":16,"column":17},"end":{"line":16,"column":49}},"6":{"start":{"line":17,"column":2},"end":{"line":17,"column":46}},"7":{"start":{"line":17,"column":27},"end":{"line":17,"column":44}},"8":{"start":{"line":24,"column":2},"end":{"line":26,"column":3}},"9":{"start":{"line":25,"column":4},"end":{"line":25,"column":14}},"10":{"start":{"line":28,"column":17},"end":{"line":36,"column":4}},"11":{"start":{"line":29,"column":19},"end":{"line":29,"column":56}},"12":{"start":{"line":30,"column":19},"end":{"line":30,"column":56}},"13":{"start":{"line":32,"column":4},"end":{"line":34,"column":5}},"14":{"start":{"line":33,"column":6},"end":{"line":33,"column":29}},"15":{"start":{"line":35,"column":4},"end":{"line":35,"column":27}},"16":{"start":{"line":38,"column":2},"end":{"line":38,"column":16}},"17":{"start":{"line":45,"column":2},"end":{"line":47,"column":3}},"18":{"start":{"line":46,"column":4},"end":{"line":46,"column":23}},"19":{"start":{"line":49,"column":23},"end":{"line":49,"column":51}},"20":{"start":{"line":51,"column":2},"end":{"line":54,"column":5}},"21":{"start":{"line":52,"column":22},"end":{"line":52,"column":68}},"22":{"start":{"line":53,"column":4},"end":{"line":53,"column":21}},"23":{"start":{"line":61,"column":2},"end":{"line":63,"column":3}},"24":{"start":{"line":62,"column":4},"end":{"line":62,"column":45}},"25":{"start":{"line":65,"column":2},"end":{"line":72,"column":40}},"26":{"start":{"line":66,"column":21},"end":{"line":66,"column":43}},"27":{"start":{"line":67,"column":4},"end":{"line":69,"column":5}},"28":{"start":{"line":68,"column":6},"end":{"line":68,"column":28}},"29":{"start":{"line":70,"column":4},"end":{"line":70,"column":32}},"30":{"start":{"line":71,"column":4},"end":{"line":71,"column":18}},"31":{"start":{"line":79,"column":2},"end":{"line":87,"column":3}},"32":{"start":{"line":80,"column":4},"end":{"line":86,"column":6}},"33":{"start":{"line":89,"column":21},"end":{"line":89,"column":39}},"34":{"start":{"line":90,"column":19},"end":{"line":90,"column":37}},"35":{"start":{"line":91,"column":24},"end":{"line":91,"column":57}},"36":{"start":{"line":93,"column":2},"end":{"line":99,"column":4}},"37":{"start":{"line":102,"column":0},"end":{"line":108,"column":2}}},"fnMap":{"0":{"name":"filterTodosByStatus","decl":{"start":{"line":7,"column":9},"end":{"line":7,"column":28}},"loc":{"start":{"line":7,"column":42},"end":{"line":18,"column":1}},"line":7},"1":{"name":"(anonymous_1)","decl":{"start":{"line":17,"column":22},"end":{"line":17,"column":23}},"loc":{"start":{"line":17,"column":27},"end":{"line":17,"column":44}},"line":17},"2":{"name":"sortTodosByPriority","decl":{"start":{"line":23,"column":9},"end":{"line":23,"column":28}},"loc":{"start":{"line":23,"column":52},"end":{"line":39,"column":1}},"line":23},"3":{"name":"(anonymous_3)","decl":{"start":{"line":28,"column":33},"end":{"line":28,"column":34}},"loc":{"start":{"line":28,"column":43},"end":{"line":36,"column":3}},"line":28},"4":{"name":"searchTodos","decl":{"start":{"line":44,"column":9},"end":{"line":44,"column":20}},"loc":{"start":{"line":44,"column":37},"end":{"line":55,"column":1}},"line":44},"5":{"name":"(anonymous_5)","decl":{"start":{"line":51,"column":22},"end":{"line":51,"column":23}},"loc":{"start":{"line":51,"column":30},"end":{"line":54,"column":3}},"line":51},"6":{"name":"groupTodosByPriority","decl":{"start":{"line":60,"column":9},"end":{"line":60,"column":29}},"loc":{"start":{"line":60,"column":37},"end":{"line":73,"column":1}},"line":60},"7":{"name":"(anonymous_7)","decl":{"start":{"line":65,"column":22},"end":{"line":65,"column":23}},"loc":{"start":{"line":65,"column":40},"end":{"line":72,"column":3}},"line":65},"8":{"name":"paginateTodos","decl":{"start":{"line":78,"column":9},"end":{"line":78,"column":22}},"loc":{"start":{"line":78,"column":52},"end":{"line":100,"column":1}},"line":78}},"branchMap":{"0":{"loc":{"start":{"line":8,"column":2},"end":{"line":10,"column":3}},"type":"if","locations":[{"start":{"line":8,"column":2},"end":{"line":10,"column":3}},{"start":{},"end":{}}],"line":8},"1":{"loc":{"start":{"line":12,"column":2},"end":{"line":14,"column":3}},"type":"if","locations":[{"start":{"line":12,"column":2},"end":{"line":14,"column":3}},{"start":{},"end":{}}],"line":12},"2":{"loc":{"start":{"line":12,"column":6},"end":{"line":12,"column":41}},"type":"binary-expr","locations":[{"start":{"line":12,"column":6},"end":{"line":12,"column":24}},{"start":{"line":12,"column":28},"end":{"line":12,"column":41}}],"line":12},"3":{"loc":{"start":{"line":16,"column":17},"end":{"line":16,"column":49}},"type":"binary-expr","locations":[{"start":{"line":16,"column":17},"end":{"line":16,"column":30}},{"start":{"line":16,"column":34},"end":{"line":16,"column":49}}],"line":16},"4":{"loc":{"start":{"line":23,"column":36},"end":{"line":23,"column":50}},"type":"default-arg","locations":[{"start":{"line":23,"column":44},"end":{"line":23,"column":50}}],"line":23},"5":{"loc":{"start":{"line":24,"column":2},"end":{"line":26,"column":3}},"type":"if","locations":[{"start":{"line":24,"column":2},"end":{"line":26,"column":3}},{"start":{},"end":{}}],"line":24},"6":{"loc":{"start":{"line":29,"column":36},"end":{"line":29,"column":55}},"type":"binary-expr","locations":[{"start":{"line":29,"column":36},"end":{"line":29,"column":46}},{"start":{"line":29,"column":50},"end":{"line":29,"column":55}}],"line":29},"7":{"loc":{"start":{"line":30,"column":36},"end":{"line":30,"column":55}},"type":"binary-expr","locations":[{"start":{"line":30,"column":36},"end":{"line":30,"column":46}},{"start":{"line":30,"column":50},"end":{"line":30,"column":55}}],"line":30},"8":{"loc":{"start":{"line":32,"column":4},"end":{"line":34,"column":5}},"type":"if","locations":[{"start":{"line":32,"column":4},"end":{"line":34,"column":5}},{"start":{},"end":{}}],"line":32},"9":{"loc":{"start":{"line":45,"column":2},"end":{"line":47,"column":3}},"type":"if","locations":[{"start":{"line":45,"column":2},"end":{"line":47,"column":3}},{"start":{},"end":{}}],"line":45},"10":{"loc":{"start":{"line":45,"column":6},"end":{"line":45,"column":39}},"type":"binary-expr","locations":[{"start":{"line":45,"column":6},"end":{"line":45,"column":27}},{"start":{"line":45,"column":31},"end":{"line":45,"column":39}}],"line":45},"11":{"loc":{"start":{"line":46,"column":11},"end":{"line":46,"column":22}},"type":"binary-expr","locations":[{"start":{"line":46,"column":11},"end":{"line":46,"column":16}},{"start":{"line":46,"column":20},"end":{"line":46,"column":22}}],"line":46},"12":{"loc":{"start":{"line":61,"column":2},"end":{"line":63,"column":3}},"type":"if","locations":[{"start":{"line":61,"column":2},"end":{"line":63,"column":3}},{"start":{},"end":{}}],"line":61},"13":{"loc":{"start":{"line":66,"column":21},"end":{"line":66,"column":43}},"type":"binary-expr","locations":[{"start":{"line":66,"column":21},"end":{"line":66,"column":34}},{"start":{"line":66,"column":38},"end":{"line":66,"column":43}}],"line":66},"14":{"loc":{"start":{"line":67,"column":4},"end":{"line":69,"column":5}},"type":"if","locations":[{"start":{"line":67,"column":4},"end":{"line":69,"column":5}},{"start":{},"end":{}}],"line":67},"15":{"loc":{"start":{"line":78,"column":30},"end":{"line":78,"column":38}},"type":"default-arg","locations":[{"start":{"line":78,"column":37},"end":{"line":78,"column":38}}],"line":78},"16":{"loc":{"start":{"line":78,"column":40},"end":{"line":78,"column":50}},"type":"default-arg","locations":[{"start":{"line":78,"column":48},"end":{"line":78,"column":50}}],"line":78},"17":{"loc":{"start":{"line":79,"column":2},"end":{"line":87,"column":3}},"type":"if","locations":[{"start":{"line":79,"column":2},"end":{"line":87,"column":3}},{"start":{},"end":{}}],"line":79}},"s":{"0":1,"1":7,"2":2,"3":5,"4":1,"5":4,"6":4,"7":15,"8":7,"9":2,"10":5,"11":25,"12":25,"13":25,"14":8,"15":17,"16":5,"17":8,"18":3,"19":5,"20":5,"21":23,"22":23,"23":4,"24":1,"25":3,"26":7,"27":7,"28":0,"29":7,"30":7,"31":8,"32":1,"33":7,"34":7,"35":7,"36":7,"37":1},"f":{"0":7,"1":15,"2":7,"3":25,"4":8,"5":23,"6":4,"7":7,"8":8},"b":{"0":[2,5],"1":[1,4],"2":[5,4],"3":[4,2],"4":[3],"5":[2,5],"6":[25,0],"7":[25,1],"8":[8,17],"9":[3,5],"10":[8,7],"11":[3,1],"12":[1,3],"13":[7,1],"14":[0,7],"15":[1],"16":[1],"17":[1,7]},"_coverageSchema":"1a1c01bbd47fc00a2c39e90264f33305004495a9","hash":"f6f6dc8e9286542709b50044e7e9ed26fc59ad0b"}
,"E:\\มทร\\web\\day5\\src\\utils\\validation.js": {"path":"E:\\มทร\\web\\day5\\src\\utils\\validation.js","statementMap":{"0":{"start":{"line":7,"column":4},"end":{"line":9,"column":3}},"1":{"start":{"line":8,"column":4},"end":{"line":8,"column":40}},"2":{"start":{"line":11,"column":2},"end":{"line":13,"column":3}},"3":{"start":{"line":12,"column":4},"end":{"line":12,"column":45}},"4":{"start":{"line":15,"column":2},"end":{"line":17,"column":3}},"5":{"start":{"line":16,"column":4},"end":{"line":16,"column":44}},"6":{"start":{"line":19,"column":2},"end":{"line":21,"column":3}},"7":{"start":{"line":20,"column":4},"end":{"line":20,"column":58}},"8":{"start":{"line":23,"column":2},"end":{"line":25,"column":3}},"9":{"start":{"line":24,"column":4},"end":{"line":24,"column":59}},"10":{"start":{"line":27,"column":2},"end":{"line":27,"column":14}},"11":{"start":{"line":34,"column":26},"end":{"line":34,"column":51}},"12":{"start":{"line":35,"column":2},"end":{"line":35,"column":44}},"13":{"start":{"line":42,"column":2},"end":{"line":44,"column":3}},"14":{"start":{"line":43,"column":4},"end":{"line":43,"column":16}},"15":{"start":{"line":46,"column":15},"end":{"line":46,"column":32}},"16":{"start":{"line":48,"column":2},"end":{"line":50,"column":3}},"17":{"start":{"line":49,"column":4},"end":{"line":49,"column":43}},"18":{"start":{"line":52,"column":14},"end":{"line":52,"column":24}},"19":{"start":{"line":53,"column":2},"end":{"line":55,"column":3}},"20":{"start":{"line":54,"column":4},"end":{"line":54,"column":54}},"21":{"start":{"line":57,"column":2},"end":{"line":57,"column":14}},"22":{"start":{"line":64,"column":17},"end":{"line":64,"column":19}},"23":{"start":{"line":66,"column":2},"end":{"line":70,"column":3}},"24":{"start":{"line":67,"column":4},"end":{"line":67,"column":28}},"25":{"start":{"line":69,"column":4},"end":{"line":69,"column":31}},"26":{"start":{"line":72,"column":2},"end":{"line":74,"column":3}},"27":{"start":{"line":73,"column":4},"end":{"line":73,"column":57}},"28":{"start":{"line":76,"column":2},"end":{"line":82,"column":3}},"29":{"start":{"line":77,"column":4},"end":{"line":79,"column":5}},"30":{"start":{"line":78,"column":6},"end":{"line":78,"column":36}},"31":{"start":{"line":81,"column":4},"end":{"line":81,"column":31}},"32":{"start":{"line":84,"column":2},"end":{"line":89,"column":3}},"33":{"start":{"line":85,"column":4},"end":{"line":88,"column":6}},"34":{"start":{"line":91,"column":2},"end":{"line":94,"column":4}},"35":{"start":{"line":97,"column":0},"end":{"line":102,"column":2}}},"fnMap":{"0":{"name":"validateTask","decl":{"start":{"line":6,"column":9},"end":{"line":6,"column":21}},"loc":{"start":{"line":6,"column":28},"end":{"line":28,"column":1}},"line":6},"1":{"name":"isValidPriority","decl":{"start":{"line":33,"column":9},"end":{"line":33,"column":24}},"loc":{"start":{"line":33,"column":35},"end":{"line":36,"column":1}},"line":33},"2":{"name":"validateDueDate","decl":{"start":{"line":41,"column":9},"end":{"line":41,"column":24}},"loc":{"start":{"line":41,"column":34},"end":{"line":58,"column":1}},"line":41},"3":{"name":"validateTodo","decl":{"start":{"line":63,"column":9},"end":{"line":63,"column":21}},"loc":{"start":{"line":63,"column":28},"end":{"line":95,"column":1}},"line":63}},"branchMap":{"0":{"loc":{"start":{"line":7,"column":4},"end":{"line":9,"column":3}},"type":"if","locations":[{"start":{"line":7,"column":4},"end":{"line":9,"column":3}},{"start":{},"end":{}}],"line":7},"1":{"loc":{"start":{"line":7,"column":8},"end":{"line":7,"column":43}},"type":"binary-expr","locations":[{"start":{"line":7,"column":8},"end":{"line":7,"column":21}},{"start":{"line":7,"column":25},"end":{"line":7,"column":43}}],"line":7},"2":{"loc":{"start":{"line":11,"column":2},"end":{"line":13,"column":3}},"type":"if","locations":[{"start":{"line":11,"column":2},"end":{"line":13,"column":3}},{"start":{},"end":{}}],"line":11},"3":{"loc":{"start":{"line":15,"column":2},"end":{"line":17,"column":3}},"type":"if","locations":[{"start":{"line":15,"column":2},"end":{"line":17,"column":3}},{"start":{},"end":{}}],"line":15},"4":{"loc":{"start":{"line":19,"column":2},"end":{"line":21,"column":3}},"type":"if","locations":[{"start":{"line":19,"column":2},"end":{"line":21,"column":3}},{"start":{},"end":{}}],"line":19},"5":{"loc":{"start":{"line":23,"column":2},"end":{"line":25,"column":3}},"type":"if","locations":[{"start":{"line":23,"column":2},"end":{"line":25,"column":3}},{"start":{},"end":{}}],"line":23},"6":{"loc":{"start":{"line":42,"column":2},"end":{"line":44,"column":3}},"type":"if","locations":[{"start":{"line":42,"column":2},"end":{"line":44,"column":3}},{"start":{},"end":{}}],"line":42},"7":{"loc":{"start":{"line":48,"column":2},"end":{"line":50,"column":3}},"type":"if","locations":[{"start":{"line":48,"column":2},"end":{"line":50,"column":3}},{"start":{},"end":{}}],"line":48},"8":{"loc":{"start":{"line":53,"column":2},"end":{"line":55,"column":3}},"type":"if","locations":[{"start":{"line":53,"column":2},"end":{"line":55,"column":3}},{"start":{},"end":{}}],"line":53},"9":{"loc":{"start":{"line":72,"column":2},"end":{"line":74,"column":3}},"type":"if","locations":[{"start":{"line":72,"column":2},"end":{"line":74,"column":3}},{"start":{},"end":{}}],"line":72},"10":{"loc":{"start":{"line":72,"column":6},"end":{"line":72,"column":54}},"type":"binary-expr","locations":[{"start":{"line":72,"column":6},"end":{"line":72,"column":19}},{"start":{"line":72,"column":23},"end":{"line":72,"column":54}}],"line":72},"11":{"loc":{"start":{"line":77,"column":4},"end":{"line":79,"column":5}},"type":"if","locations":[{"start":{"line":77,"column":4},"end":{"line":79,"column":5}},{"start":{},"end":{}}],"line":77},"12":{"loc":{"start":{"line":84,"column":2},"end":{"line":89,"column":3}},"type":"if","locations":[{"start":{"line":84,"column":2},"end":{"line":89,"column":3}},{"start":{},"end":{}}],"line":84}},"s":{"0":18,"1":2,"2":16,"3":3,"4":13,"5":3,"6":10,"7":2,"8":8,"9":1,"10":7,"11":14,"12":14,"13":10,"14":2,"15":8,"16":8,"17":3,"18":5,"19":5,"20":1,"21":4,"22":4,"23":4,"24":4,"25":2,"26":4,"27":2,"28":4,"29":4,"30":2,"31":1,"32":4,"33":2,"34":2,"35":1},"f":{"0":18,"1":14,"2":10,"3":4},"b":{"0":[2,16],"1":[18,17],"2":[3,13],"3":[3,10],"4":[2,8],"5":[1,7],"6":[2,8],"7":[3,5],"8":[1,4],"9":[2,2],"10":[4,3],"11":[2,2],"12":[2,2]},"_coverageSchema":"1a1c01bbd47fc00a2c39e90264f33305004495a9","hash":"404f8f174506a86f2b56b300ec670e1bd37da8df"}
}
