TN:
SF:src\utils\businessRules.js
FN:6,canMarkAsDone
FN:22,isOverdue
FN:40,calculateCompletionRate
FN:45,(anonymous_3)
FN:52,getPriorityScore
FN:65,isDueSoon
FNF:6
FNH:6
FNDA:4,canMarkAsDone
FNDA:6,isOverdue
FNDA:9,calculateCompletionRate
FNDA:13,(anonymous_3)
FNDA:57,getPriorityScore
FNDA:8,isDueSoon
DA:7,4
DA:8,2
DA:12,2
DA:13,1
DA:16,1
DA:23,6
DA:24,2
DA:27,4
DA:28,1
DA:31,3
DA:32,3
DA:34,3
DA:41,9
DA:42,3
DA:45,13
DA:46,6
DA:53,57
DA:59,57
DA:66,8
DA:67,2
DA:70,6
DA:71,6
DA:72,6
DA:74,6
DA:77,2
LF:25
LH:25
BRDA:7,0,0,2
BRDA:7,0,1,2
BRDA:12,1,0,1
BRDA:12,1,1,1
BRDA:23,2,0,2
BRDA:23,2,1,4
BRDA:23,3,0,6
BRDA:23,3,1,5
BRDA:27,4,0,1
BRDA:27,4,1,3
BRDA:41,5,0,3
BRDA:41,5,1,6
BRDA:41,6,0,9
BRDA:41,6,1,7
BRDA:59,7,0,57
BRDA:59,7,1,4
BRDA:66,8,0,2
BRDA:66,8,1,6
BRDA:66,9,0,8
BRDA:66,9,1,8
BRDA:66,9,2,7
BRDA:74,10,0,6
BRDA:74,10,1,5
BRF:23
BRH:23
end_of_record
TN:
SF:src\utils\dataProcessing.js
FN:7,filterTodosByStatus
FN:17,(anonymous_1)
FN:23,sortTodosByPriority
FN:28,(anonymous_3)
FN:44,searchTodos
FN:51,(anonymous_5)
FN:60,groupTodosByPriority
FN:65,(anonymous_7)
FN:78,paginateTodos
FNF:9
FNH:9
FNDA:7,filterTodosByStatus
FNDA:15,(anonymous_1)
FNDA:7,sortTodosByPriority
FNDA:25,(anonymous_3)
FNDA:8,searchTodos
FNDA:23,(anonymous_5)
FNDA:4,groupTodosByPriority
FNDA:7,(anonymous_7)
FNDA:8,paginateTodos
DA:2,1
DA:8,7
DA:9,2
DA:12,5
DA:13,1
DA:16,4
DA:17,15
DA:24,7
DA:25,2
DA:28,5
DA:29,25
DA:30,25
DA:32,25
DA:33,8
DA:35,17
DA:38,5
DA:45,8
DA:46,3
DA:49,5
DA:51,5
DA:52,23
DA:53,23
DA:61,4
DA:62,1
DA:65,3
DA:66,7
DA:67,7
DA:68,0
DA:70,7
DA:71,7
DA:79,8
DA:80,1
DA:89,7
DA:90,7
DA:91,7
DA:93,7
DA:102,1
LF:37
LH:36
BRDA:8,0,0,2
BRDA:8,0,1,5
BRDA:12,1,0,1
BRDA:12,1,1,4
BRDA:12,2,0,5
BRDA:12,2,1,4
BRDA:16,3,0,4
BRDA:16,3,1,2
BRDA:23,4,0,3
BRDA:24,5,0,2
BRDA:24,5,1,5
BRDA:29,6,0,25
BRDA:29,6,1,0
BRDA:30,7,0,25
BRDA:30,7,1,1
BRDA:32,8,0,8
BRDA:32,8,1,17
BRDA:45,9,0,3
BRDA:45,9,1,5
BRDA:45,10,0,8
BRDA:45,10,1,7
BRDA:46,11,0,3
BRDA:46,11,1,1
BRDA:61,12,0,1
BRDA:61,12,1,3
BRDA:66,13,0,7
BRDA:66,13,1,1
BRDA:67,14,0,0
BRDA:67,14,1,7
BRDA:78,15,0,1
BRDA:78,16,0,1
BRDA:79,17,0,1
BRDA:79,17,1,7
BRF:33
BRH:31
end_of_record
TN:
SF:src\utils\validation.js
FN:6,validateTask
FN:33,isValidPriority
FN:41,validateDueDate
FN:63,validateTodo
FNF:4
FNH:4
FNDA:18,validateTask
FNDA:14,isValidPriority
FNDA:10,validateDueDate
FNDA:4,validateTodo
DA:7,18
DA:8,2
DA:11,16
DA:12,3
DA:15,13
DA:16,3
DA:19,10
DA:20,2
DA:23,8
DA:24,1
DA:27,7
DA:34,14
DA:35,14
DA:42,10
DA:43,2
DA:46,8
DA:48,8
DA:49,3
DA:52,5
DA:53,5
DA:54,1
DA:57,4
DA:64,4
DA:66,4
DA:67,4
DA:69,2
DA:72,4
DA:73,2
DA:76,4
DA:77,4
DA:78,2
DA:81,1
DA:84,4
DA:85,2
DA:91,2
DA:97,1
LF:36
LH:36
BRDA:7,0,0,2
BRDA:7,0,1,16
BRDA:7,1,0,18
BRDA:7,1,1,17
BRDA:11,2,0,3
BRDA:11,2,1,13
BRDA:15,3,0,3
BRDA:15,3,1,10
BRDA:19,4,0,2
BRDA:19,4,1,8
BRDA:23,5,0,1
BRDA:23,5,1,7
BRDA:42,6,0,2
BRDA:42,6,1,8
BRDA:48,7,0,3
BRDA:48,7,1,5
BRDA:53,8,0,1
BRDA:53,8,1,4
BRDA:72,9,0,2
BRDA:72,9,1,2
BRDA:72,10,0,4
BRDA:72,10,1,3
BRDA:77,11,0,2
BRDA:77,11,1,2
BRDA:84,12,0,2
BRDA:84,12,1,2
BRF:26
BRH:26
end_of_record
